<?xml version="1.0" encoding="UTF-8"?>
<testng-results ignored="0" total="1" passed="1" failed="0" skipped="0">
  <reporter-output>
  </reporter-output>
  <suite started-at="2022-12-01T17:27:37 IST" name="Suite" finished-at="2022-12-01T17:27:43 IST" duration-ms="6131">
    <groups>
    </groups>
    <test started-at="2022-12-01T17:27:37 IST" name="Test" finished-at="2022-12-01T17:27:43 IST" duration-ms="6131">
      <class name="com.selenium.miniproject.CarSelection">
        <test-method is-config="true" signature="driverSetup()[pri:0, instance:com.selenium.miniproject.CarSelection@52af26ee]" started-at="2022-12-01T17:27:30 IST" name="driverSetup" finished-at="2022-12-01T17:27:37 IST" duration-ms="7244" status="PASS">
          <reporter-output>
          </reporter-output>
        </test-method> <!-- driverSetup -->
        <test-method signature="carSelection()[pri:0, instance:com.selenium.miniproject.CarSelection@52af26ee]" started-at="2022-12-01T17:27:37 IST" name="carSelection" finished-at="2022-12-01T17:27:43 IST" duration-ms="6085" status="PASS">
          <reporter-output>
          </reporter-output>
        </test-method> <!-- carSelection -->
        <test-method is-config="true" signature="closeBrowser()[pri:0, instance:com.selenium.miniproject.CarSelection@52af26ee]" started-at="2022-12-01T17:27:43 IST" name="closeBrowser" finished-at="2022-12-01T17:27:45 IST" duration-ms="1865" status="PASS">
          <reporter-output>
          </reporter-output>
        </test-method> <!-- closeBrowser -->
      </class> <!-- com.selenium.miniproject.CarSelection -->
    </test> <!-- Test -->
  </suite> <!-- Suite -->
</testng-results>
